[debug] [2023-11-28T00:35:40.144Z] ----------------------------------------------------------------------
[debug] [2023-11-28T00:35:40.148Z] Command:       C:\Program Files\nodejs\node.exe C:\Users\Pablo\AppData\Roaming\npm\node_modules\firebase-tools\lib\bin\firebase.js init
[debug] [2023-11-28T00:35:40.148Z] CLI Version:   12.9.1
[debug] [2023-11-28T00:35:40.149Z] Platform:      win32
[debug] [2023-11-28T00:35:40.149Z] Node Version:  v20.5.1
[debug] [2023-11-28T00:35:40.149Z] Time:          Mon Nov 27 2023 18:35:40 GMT-0600 (Central Standard Time)
[debug] [2023-11-28T00:35:40.149Z] ----------------------------------------------------------------------
[debug] 
[debug] [2023-11-28T00:35:40.157Z] > command requires scopes: ["email","openid","https://www.googleapis.com/auth/cloudplatformprojects.readonly","https://www.googleapis.com/auth/firebase","https://www.googleapis.com/auth/cloud-platform"]
[debug] [2023-11-28T00:35:40.158Z] > authorizing via signed-in user (poviedob@ucenfotec.ac.cr)
[info] 
     ######## #### ########  ######## ########     ###     ######  ########
     ##        ##  ##     ## ##       ##     ##  ##   ##  ##       ##
     ######    ##  ########  ######   ########  #########  ######  ######
     ##        ##  ##    ##  ##       ##     ## ##     ##       ## ##
     ##       #### ##     ## ######## ########  ##     ##  ######  ########

You're about to initialize a Firebase project in this directory:

  C:\Users\Pablo\Documents\GitHub\pabloOviedoMemoryCardBackend

[info] 
=== Project Setup
[info] 
[info] First, let's associate this project directory with a Firebase project.
[info] You can create multiple project aliases by running firebase use --add, 
[info] but for now we'll just set up a default project.
[info] 
[debug] [2023-11-28T00:36:17.937Z] >>> [apiv2][query] GET https://firebase.googleapis.com/v1beta1/projects pageSize=100
[debug] [2023-11-28T00:36:18.648Z] <<< [apiv2][status] GET https://firebase.googleapis.com/v1beta1/projects 200
[debug] [2023-11-28T00:36:18.648Z] <<< [apiv2][body] GET https://firebase.googleapis.com/v1beta1/projects [omitted]
[info] i  Using project pablooviedomemorygame (pabloOviedoMemoryGame) 
[info] 
=== Hosting Setup
[debug] [2023-11-28T00:36:24.917Z] >>> [apiv2][query] GET https://firebase.googleapis.com/v1beta1/projects/pablooviedomemorygame [none]
[debug] [2023-11-28T00:36:25.342Z] <<< [apiv2][status] GET https://firebase.googleapis.com/v1beta1/projects/pablooviedomemorygame 200
[debug] [2023-11-28T00:36:25.343Z] <<< [apiv2][body] GET https://firebase.googleapis.com/v1beta1/projects/pablooviedomemorygame {"projectId":"pablooviedomemorygame","projectNumber":"609672650691","displayName":"pabloOviedoMemoryGame","name":"projects/pablooviedomemorygame","resources":{"hostingSite":"pablooviedomemorygame"},"state":"ACTIVE","etag":"1_2d2823e5-f088-4e04-abdb-d9cd0221a703"}
[info] 
[info] Your public directory is the folder (relative to your project directory) that
[info] will contain Hosting assets to be uploaded with firebase deploy. If you
[info] have a build process for your assets, use your build's output directory.
[info] 
